2022-06-22 15:27:28,115 INFO WebSocket Inverse Perp attempting connection...
2022-06-22 15:27:28,115 DEBUG WebSocket Inverse Perp closed.
2022-06-22 15:27:28,115 DEBUG WebSocket Inverse Perp opened.
2022-06-22 15:27:29,615 DEBUG Subscription to ['trade.BTCUSD'] successful.
2022-06-22 15:27:35,815 INFO WebSocket Inverse Perp attempting connection...
2022-06-22 15:27:35,816 DEBUG WebSocket Inverse Perp closed.
2022-06-22 15:27:35,816 DEBUG WebSocket Inverse Perp opened.
2022-06-22 15:27:37,077 DEBUG Subscription to ['trade.BTCUSD'] successful.
2022-06-22 15:29:05,905 ERROR WebSocket Inverse Perp encountered error: ping/pong timed out.
2022-06-22 15:29:08,907 INFO WebSocket Inverse Perp attempting connection...
2022-06-22 15:29:08,908 DEBUG WebSocket Inverse Perp closed.
2022-06-22 15:29:08,908 DEBUG WebSocket Inverse Perp opened.
2022-06-22 15:29:10,242 DEBUG Subscription to ['trade.BTCUSD'] successful.
2022-06-22 15:31:29,437 ERROR WebSocket Inverse Perp encountered error: ping/pong timed out.
2022-06-22 15:31:32,438 INFO WebSocket Inverse Perp attempting connection...
2022-06-22 15:31:32,439 DEBUG WebSocket Inverse Perp closed.
2022-06-22 15:31:32,439 DEBUG WebSocket Inverse Perp opened.
2022-06-22 15:31:32,441 ERROR WebSocket Inverse Perp encountered error: [Errno 8] nodename nor servname provided, or not known.
2022-06-22 15:31:33,443 INFO WebSocket Inverse Perp attempting connection...
2022-06-22 15:31:33,443 DEBUG WebSocket Inverse Perp closed.
2022-06-22 15:31:33,444 DEBUG WebSocket Inverse Perp opened.
2022-06-22 15:31:34,449 INFO WebSocket Inverse Perp attempting connection...
2022-06-22 15:31:34,450 DEBUG WebSocket Inverse Perp closed.
2022-06-22 15:31:34,450 DEBUG WebSocket Inverse Perp opened.
2022-06-22 15:31:35,454 INFO WebSocket Inverse Perp attempting connection...
2022-06-22 15:31:35,454 DEBUG WebSocket Inverse Perp closed.
2022-06-22 15:31:35,455 DEBUG WebSocket Inverse Perp opened.
2022-06-22 15:31:36,460 INFO WebSocket Inverse Perp attempting connection...
2022-06-22 15:31:36,461 DEBUG WebSocket Inverse Perp closed.
2022-06-22 15:31:36,461 DEBUG WebSocket Inverse Perp opened.
2022-06-22 15:31:37,466 INFO WebSocket Inverse Perp attempting connection...
2022-06-22 15:31:37,466 DEBUG WebSocket Inverse Perp closed.
2022-06-22 15:31:37,467 DEBUG WebSocket Inverse Perp opened.
2022-06-22 15:31:38,472 INFO WebSocket Inverse Perp attempting connection...
2022-06-22 15:31:38,472 DEBUG WebSocket Inverse Perp closed.
2022-06-22 15:31:38,472 DEBUG WebSocket Inverse Perp opened.
2022-06-22 15:31:39,477 INFO WebSocket Inverse Perp attempting connection...
2022-06-22 15:31:39,477 DEBUG WebSocket Inverse Perp closed.
2022-06-22 15:31:39,477 DEBUG WebSocket Inverse Perp opened.
2022-06-22 15:31:40,481 INFO WebSocket Inverse Perp attempting connection...
2022-06-22 15:31:40,482 DEBUG WebSocket Inverse Perp closed.
2022-06-22 15:31:40,482 DEBUG WebSocket Inverse Perp opened.
2022-06-22 15:31:41,487 INFO WebSocket Inverse Perp attempting connection...
2022-06-22 15:31:41,488 DEBUG WebSocket Inverse Perp closed.
2022-06-22 15:31:41,488 DEBUG WebSocket Inverse Perp opened.
2022-06-22 15:31:42,494 INFO WebSocket Inverse Perp attempting connection...
2022-06-22 15:31:42,494 DEBUG WebSocket Inverse Perp closed.
2022-06-22 15:31:42,495 DEBUG WebSocket Inverse Perp opened.
2022-06-22 15:31:43,500 INFO WebSocket Inverse Perp attempting connection...
2022-06-22 15:31:43,500 DEBUG WebSocket Inverse Perp closed.
2022-06-22 15:31:43,501 DEBUG WebSocket Inverse Perp opened.
2022-06-22 15:31:44,505 INFO WebSocket Inverse Perp attempting connection...
2022-06-22 15:31:44,505 DEBUG WebSocket Inverse Perp closed.
2022-06-22 15:31:44,505 DEBUG WebSocket Inverse Perp opened.
2022-06-22 15:31:45,511 INFO WebSocket Inverse Perp attempting connection...
2022-06-22 15:31:45,511 DEBUG WebSocket Inverse Perp closed.
2022-06-22 15:31:45,511 DEBUG WebSocket Inverse Perp opened.
2022-06-22 15:31:46,517 INFO WebSocket Inverse Perp attempting connection...
2022-06-22 15:31:46,517 DEBUG WebSocket Inverse Perp closed.
2022-06-22 15:31:46,518 DEBUG WebSocket Inverse Perp opened.
2022-06-22 15:31:47,522 INFO WebSocket Inverse Perp attempting connection...
2022-06-22 15:31:47,522 DEBUG WebSocket Inverse Perp closed.
2022-06-22 15:31:47,522 DEBUG WebSocket Inverse Perp opened.
2022-06-22 15:31:48,528 INFO WebSocket Inverse Perp attempting connection...
2022-06-22 15:31:48,529 DEBUG WebSocket Inverse Perp closed.
2022-06-22 15:31:48,529 DEBUG WebSocket Inverse Perp opened.
2022-06-22 15:31:50,096 DEBUG Subscription to ['trade.BTCUSD'] successful.
2022-06-22 15:32:24,134 INFO WebSocket Inverse Perp attempting connection...
2022-06-22 15:32:24,134 DEBUG WebSocket Inverse Perp closed.
2022-06-22 15:32:24,134 DEBUG WebSocket Inverse Perp opened.
2022-06-22 15:32:28,520 INFO WebSocket Inverse Perp attempting connection...
2022-06-22 15:32:28,520 DEBUG WebSocket Inverse Perp closed.
2022-06-22 15:32:28,520 DEBUG WebSocket Inverse Perp opened.
2022-06-22 15:32:38,108 INFO WebSocket Inverse Perp attempting connection...
2022-06-22 15:32:38,109 DEBUG WebSocket Inverse Perp closed.
2022-06-22 15:32:38,109 DEBUG WebSocket Inverse Perp opened.
2022-06-22 15:33:15,158 INFO WebSocket Inverse Perp attempting connection...
2022-06-22 15:33:15,158 DEBUG WebSocket Inverse Perp closed.
2022-06-22 15:33:15,158 DEBUG WebSocket Inverse Perp opened.
2022-06-22 15:33:16,465 DEBUG Subscription to ['trade.BTCUSD'] successful.
2022-06-22 15:33:40,505 ERROR WebSocket Inverse Perp encountered error: ping/pong timed out.
2022-06-22 15:33:43,507 INFO WebSocket Inverse Perp attempting connection...
2022-06-22 15:33:43,507 DEBUG WebSocket Inverse Perp closed.
2022-06-22 15:33:43,507 DEBUG WebSocket Inverse Perp opened.
2022-06-22 15:33:43,510 ERROR WebSocket Inverse Perp encountered error: [Errno 8] nodename nor servname provided, or not known.
2022-06-22 15:33:44,512 INFO WebSocket Inverse Perp attempting connection...
2022-06-22 15:33:44,513 DEBUG WebSocket Inverse Perp closed.
2022-06-22 15:33:44,513 DEBUG WebSocket Inverse Perp opened.
2022-06-22 15:33:45,518 INFO WebSocket Inverse Perp attempting connection...
2022-06-22 15:33:45,518 DEBUG WebSocket Inverse Perp closed.
2022-06-22 15:33:45,519 DEBUG WebSocket Inverse Perp opened.
2022-06-22 15:33:46,524 INFO WebSocket Inverse Perp attempting connection...
2022-06-22 15:33:46,524 DEBUG WebSocket Inverse Perp closed.
2022-06-22 15:33:46,525 DEBUG WebSocket Inverse Perp opened.
2022-06-22 15:33:47,529 INFO WebSocket Inverse Perp attempting connection...
2022-06-22 15:33:47,529 DEBUG WebSocket Inverse Perp closed.
2022-06-22 15:33:47,530 DEBUG WebSocket Inverse Perp opened.
2022-06-22 15:33:48,534 INFO WebSocket Inverse Perp attempting connection...
2022-06-22 15:33:48,534 DEBUG WebSocket Inverse Perp closed.
2022-06-22 15:33:48,534 DEBUG WebSocket Inverse Perp opened.
2022-06-22 15:33:49,539 INFO WebSocket Inverse Perp attempting connection...
2022-06-22 15:33:49,540 DEBUG WebSocket Inverse Perp closed.
2022-06-22 15:33:49,540 DEBUG WebSocket Inverse Perp opened.
2022-06-22 15:33:50,544 INFO WebSocket Inverse Perp attempting connection...
2022-06-22 15:33:50,544 DEBUG WebSocket Inverse Perp closed.
2022-06-22 15:33:50,545 DEBUG WebSocket Inverse Perp opened.
2022-06-22 15:33:51,551 INFO WebSocket Inverse Perp attempting connection...
2022-06-22 15:33:51,551 DEBUG WebSocket Inverse Perp closed.
2022-06-22 15:33:51,551 DEBUG WebSocket Inverse Perp opened.
2022-06-22 15:33:52,556 INFO WebSocket Inverse Perp attempting connection...
2022-06-22 15:33:52,556 DEBUG WebSocket Inverse Perp closed.
2022-06-22 15:33:52,556 DEBUG WebSocket Inverse Perp opened.
2022-06-22 15:33:53,561 INFO WebSocket Inverse Perp attempting connection...
2022-06-22 15:33:53,561 DEBUG WebSocket Inverse Perp closed.
2022-06-22 15:33:53,561 DEBUG WebSocket Inverse Perp opened.
2022-06-22 15:33:54,567 INFO WebSocket Inverse Perp attempting connection...
2022-06-22 15:33:54,567 DEBUG WebSocket Inverse Perp closed.
2022-06-22 15:33:54,567 DEBUG WebSocket Inverse Perp opened.
2022-06-22 15:33:55,572 INFO WebSocket Inverse Perp attempting connection...
2022-06-22 15:33:55,572 DEBUG WebSocket Inverse Perp closed.
2022-06-22 15:33:55,573 DEBUG WebSocket Inverse Perp opened.
2022-06-22 15:33:56,578 INFO WebSocket Inverse Perp attempting connection...
2022-06-22 15:33:56,578 DEBUG WebSocket Inverse Perp closed.
2022-06-22 15:33:56,578 DEBUG WebSocket Inverse Perp opened.
2022-06-22 15:33:57,583 INFO WebSocket Inverse Perp attempting connection...
2022-06-22 15:33:57,583 DEBUG WebSocket Inverse Perp closed.
2022-06-22 15:33:57,584 DEBUG WebSocket Inverse Perp opened.
2022-06-22 15:33:58,589 INFO WebSocket Inverse Perp attempting connection...
2022-06-22 15:33:58,589 DEBUG WebSocket Inverse Perp closed.
2022-06-22 15:33:58,589 DEBUG WebSocket Inverse Perp opened.
2022-06-22 15:33:59,594 INFO WebSocket Inverse Perp attempting connection...
2022-06-22 15:33:59,594 DEBUG WebSocket Inverse Perp closed.
2022-06-22 15:33:59,595 DEBUG WebSocket Inverse Perp opened.
2022-06-22 15:34:00,601 INFO WebSocket Inverse Perp attempting connection...
2022-06-22 15:34:00,601 DEBUG WebSocket Inverse Perp closed.
2022-06-22 15:34:00,601 DEBUG WebSocket Inverse Perp opened.
2022-06-22 15:34:01,606 INFO WebSocket Inverse Perp attempting connection...
2022-06-22 15:34:01,606 DEBUG WebSocket Inverse Perp closed.
2022-06-22 15:34:01,606 DEBUG WebSocket Inverse Perp opened.
2022-06-22 15:34:02,611 INFO WebSocket Inverse Perp attempting connection...
2022-06-22 15:34:02,611 DEBUG WebSocket Inverse Perp closed.
2022-06-22 15:34:02,612 DEBUG WebSocket Inverse Perp opened.
2022-06-22 15:34:03,618 INFO WebSocket Inverse Perp attempting connection...
2022-06-22 15:34:03,619 DEBUG WebSocket Inverse Perp closed.
2022-06-22 15:34:03,619 DEBUG WebSocket Inverse Perp opened.
2022-06-22 15:34:04,624 INFO WebSocket Inverse Perp attempting connection...
2022-06-22 15:34:04,624 DEBUG WebSocket Inverse Perp closed.
2022-06-22 15:34:04,625 DEBUG WebSocket Inverse Perp opened.
2022-06-22 15:34:05,628 INFO WebSocket Inverse Perp attempting connection...
2022-06-22 15:34:05,629 DEBUG WebSocket Inverse Perp closed.
2022-06-22 15:34:05,629 DEBUG WebSocket Inverse Perp opened.
2022-06-22 15:34:06,633 INFO WebSocket Inverse Perp attempting connection...
2022-06-22 15:34:06,634 DEBUG WebSocket Inverse Perp closed.
2022-06-22 15:34:06,634 DEBUG WebSocket Inverse Perp opened.
2022-06-22 15:34:07,639 INFO WebSocket Inverse Perp attempting connection...
2022-06-22 15:34:07,639 DEBUG WebSocket Inverse Perp closed.
2022-06-22 15:34:07,639 DEBUG WebSocket Inverse Perp opened.
2022-06-22 15:34:08,644 INFO WebSocket Inverse Perp attempting connection...
2022-06-22 15:34:08,644 DEBUG WebSocket Inverse Perp closed.
2022-06-22 15:34:08,645 DEBUG WebSocket Inverse Perp opened.
2022-06-22 15:34:09,649 INFO WebSocket Inverse Perp attempting connection...
2022-06-22 15:34:09,650 DEBUG WebSocket Inverse Perp closed.
2022-06-22 15:34:09,650 DEBUG WebSocket Inverse Perp opened.
2022-06-22 15:34:10,655 INFO WebSocket Inverse Perp attempting connection...
2022-06-22 15:34:10,656 DEBUG WebSocket Inverse Perp closed.
2022-06-22 15:34:10,656 DEBUG WebSocket Inverse Perp opened.
2022-06-22 15:34:11,662 INFO WebSocket Inverse Perp attempting connection...
2022-06-22 15:34:11,662 DEBUG WebSocket Inverse Perp closed.
2022-06-22 15:34:11,662 DEBUG WebSocket Inverse Perp opened.
2022-06-22 15:34:12,667 INFO WebSocket Inverse Perp attempting connection...
2022-06-22 15:34:12,667 DEBUG WebSocket Inverse Perp closed.
2022-06-22 15:34:12,667 DEBUG WebSocket Inverse Perp opened.
2022-06-22 15:34:13,671 INFO WebSocket Inverse Perp attempting connection...
2022-06-22 15:34:13,671 DEBUG WebSocket Inverse Perp closed.
2022-06-22 15:34:13,671 DEBUG WebSocket Inverse Perp opened.
2022-06-22 15:34:14,677 INFO WebSocket Inverse Perp attempting connection...
2022-06-22 15:34:14,677 DEBUG WebSocket Inverse Perp closed.
2022-06-22 15:34:14,677 DEBUG WebSocket Inverse Perp opened.
2022-06-22 15:34:15,682 INFO WebSocket Inverse Perp attempting connection...
2022-06-22 15:34:15,682 DEBUG WebSocket Inverse Perp closed.
2022-06-22 15:34:15,682 DEBUG WebSocket Inverse Perp opened.
2022-06-22 15:34:16,687 INFO WebSocket Inverse Perp attempting connection...
2022-06-22 15:34:16,688 DEBUG WebSocket Inverse Perp closed.
2022-06-22 15:34:16,688 DEBUG WebSocket Inverse Perp opened.
2022-06-22 15:34:17,694 INFO WebSocket Inverse Perp attempting connection...
2022-06-22 15:34:17,694 DEBUG WebSocket Inverse Perp closed.
2022-06-22 15:34:17,694 DEBUG WebSocket Inverse Perp opened.
2022-06-22 15:34:18,700 INFO WebSocket Inverse Perp attempting connection...
2022-06-22 15:34:18,700 DEBUG WebSocket Inverse Perp closed.
2022-06-22 15:34:18,701 DEBUG WebSocket Inverse Perp opened.
2022-06-22 15:34:19,706 INFO WebSocket Inverse Perp attempting connection...
2022-06-22 15:34:19,706 DEBUG WebSocket Inverse Perp closed.
2022-06-22 15:34:19,706 DEBUG WebSocket Inverse Perp opened.
2022-06-22 15:34:20,711 INFO WebSocket Inverse Perp attempting connection...
2022-06-22 15:34:20,712 DEBUG WebSocket Inverse Perp closed.
2022-06-22 15:34:20,712 DEBUG WebSocket Inverse Perp opened.
2022-06-22 15:34:21,718 INFO WebSocket Inverse Perp attempting connection...
2022-06-22 15:34:21,718 DEBUG WebSocket Inverse Perp closed.
2022-06-22 15:34:21,718 DEBUG WebSocket Inverse Perp opened.
2022-06-22 15:34:22,724 INFO WebSocket Inverse Perp attempting connection...
2022-06-22 15:34:22,724 DEBUG WebSocket Inverse Perp closed.
2022-06-22 15:34:22,724 DEBUG WebSocket Inverse Perp opened.
2022-06-22 15:34:23,730 INFO WebSocket Inverse Perp attempting connection...
2022-06-22 15:34:23,730 DEBUG WebSocket Inverse Perp closed.
2022-06-22 15:34:23,730 DEBUG WebSocket Inverse Perp opened.
2022-06-22 15:34:24,736 INFO WebSocket Inverse Perp attempting connection...
2022-06-22 15:34:24,736 DEBUG WebSocket Inverse Perp closed.
2022-06-22 15:34:24,736 DEBUG WebSocket Inverse Perp opened.
2022-06-22 15:34:25,741 INFO WebSocket Inverse Perp attempting connection...
2022-06-22 15:34:25,741 DEBUG WebSocket Inverse Perp closed.
2022-06-22 15:34:25,742 DEBUG WebSocket Inverse Perp opened.
2022-06-22 15:34:26,746 INFO WebSocket Inverse Perp attempting connection...
2022-06-22 15:34:26,746 DEBUG WebSocket Inverse Perp closed.
2022-06-22 15:34:26,746 DEBUG WebSocket Inverse Perp opened.
2022-06-22 15:34:27,750 INFO WebSocket Inverse Perp attempting connection...
2022-06-22 15:34:27,750 DEBUG WebSocket Inverse Perp closed.
2022-06-22 15:34:27,750 DEBUG WebSocket Inverse Perp opened.
2022-06-22 15:34:28,756 INFO WebSocket Inverse Perp attempting connection...
2022-06-22 15:34:28,757 DEBUG WebSocket Inverse Perp closed.
2022-06-22 15:34:28,757 DEBUG WebSocket Inverse Perp opened.
2022-06-22 15:34:29,761 INFO WebSocket Inverse Perp attempting connection...
2022-06-22 15:34:29,761 DEBUG WebSocket Inverse Perp closed.
2022-06-22 15:34:29,761 DEBUG WebSocket Inverse Perp opened.
2022-06-22 15:34:30,767 INFO WebSocket Inverse Perp attempting connection...
2022-06-22 15:34:30,767 DEBUG WebSocket Inverse Perp closed.
2022-06-22 15:34:30,767 DEBUG WebSocket Inverse Perp opened.
2022-06-22 15:34:31,773 INFO WebSocket Inverse Perp attempting connection...
2022-06-22 15:34:31,773 DEBUG WebSocket Inverse Perp closed.
2022-06-22 15:34:31,773 DEBUG WebSocket Inverse Perp opened.
2022-06-22 15:34:32,779 INFO WebSocket Inverse Perp attempting connection...
2022-06-22 15:34:32,780 DEBUG WebSocket Inverse Perp closed.
2022-06-22 15:34:32,780 DEBUG WebSocket Inverse Perp opened.
2022-06-22 15:34:33,785 INFO WebSocket Inverse Perp attempting connection...
2022-06-22 15:34:33,785 DEBUG WebSocket Inverse Perp closed.
2022-06-22 15:34:33,786 DEBUG WebSocket Inverse Perp opened.
2022-06-22 15:34:34,792 INFO WebSocket Inverse Perp attempting connection...
2022-06-22 15:34:34,792 DEBUG WebSocket Inverse Perp closed.
2022-06-22 15:34:34,792 DEBUG WebSocket Inverse Perp opened.
2022-06-22 15:34:35,797 INFO WebSocket Inverse Perp attempting connection...
2022-06-22 15:34:35,797 DEBUG WebSocket Inverse Perp closed.
2022-06-22 15:34:35,797 DEBUG WebSocket Inverse Perp opened.
2022-06-22 15:34:36,803 INFO WebSocket Inverse Perp attempting connection...
2022-06-22 15:34:36,803 DEBUG WebSocket Inverse Perp closed.
2022-06-22 15:34:36,803 DEBUG WebSocket Inverse Perp opened.
2022-06-22 15:34:37,806 INFO WebSocket Inverse Perp attempting connection...
2022-06-22 15:34:37,807 DEBUG WebSocket Inverse Perp closed.
2022-06-22 15:34:37,807 DEBUG WebSocket Inverse Perp opened.
2022-06-22 15:34:38,811 INFO WebSocket Inverse Perp attempting connection...
2022-06-22 15:34:38,811 DEBUG WebSocket Inverse Perp closed.
2022-06-22 15:34:38,812 DEBUG WebSocket Inverse Perp opened.
2022-06-22 15:34:39,816 INFO WebSocket Inverse Perp attempting connection...
2022-06-22 15:34:39,817 DEBUG WebSocket Inverse Perp closed.
2022-06-22 15:34:39,817 DEBUG WebSocket Inverse Perp opened.
2022-06-22 15:34:40,822 INFO WebSocket Inverse Perp attempting connection...
2022-06-22 15:34:40,822 DEBUG WebSocket Inverse Perp closed.
2022-06-22 15:34:40,822 DEBUG WebSocket Inverse Perp opened.
2022-06-22 15:34:41,827 INFO WebSocket Inverse Perp attempting connection...
2022-06-22 15:34:41,827 DEBUG WebSocket Inverse Perp closed.
2022-06-22 15:34:41,827 DEBUG WebSocket Inverse Perp opened.
2022-06-22 15:34:42,833 INFO WebSocket Inverse Perp attempting connection...
2022-06-22 15:34:42,833 DEBUG WebSocket Inverse Perp closed.
2022-06-22 15:34:42,833 DEBUG WebSocket Inverse Perp opened.
2022-06-22 15:34:43,839 INFO WebSocket Inverse Perp attempting connection...
2022-06-22 15:34:43,839 DEBUG WebSocket Inverse Perp closed.
2022-06-22 15:34:43,839 DEBUG WebSocket Inverse Perp opened.
2022-06-22 15:34:44,845 INFO WebSocket Inverse Perp attempting connection...
2022-06-22 15:34:44,846 DEBUG WebSocket Inverse Perp closed.
2022-06-22 15:34:44,846 DEBUG WebSocket Inverse Perp opened.
2022-06-22 15:34:45,850 INFO WebSocket Inverse Perp attempting connection...
2022-06-22 15:34:45,851 DEBUG WebSocket Inverse Perp closed.
2022-06-22 15:34:45,851 DEBUG WebSocket Inverse Perp opened.
2022-06-22 15:34:46,854 INFO WebSocket Inverse Perp attempting connection...
2022-06-22 15:34:46,854 DEBUG WebSocket Inverse Perp closed.
2022-06-22 15:34:46,855 DEBUG WebSocket Inverse Perp opened.
2022-06-22 15:34:47,860 INFO WebSocket Inverse Perp attempting connection...
2022-06-22 15:34:47,860 DEBUG WebSocket Inverse Perp closed.
2022-06-22 15:34:47,860 DEBUG WebSocket Inverse Perp opened.
2022-06-22 15:34:48,866 INFO WebSocket Inverse Perp attempting connection...
2022-06-22 15:34:48,867 DEBUG WebSocket Inverse Perp closed.
2022-06-22 15:34:48,867 DEBUG WebSocket Inverse Perp opened.
2022-06-22 15:34:49,871 INFO WebSocket Inverse Perp attempting connection...
2022-06-22 15:34:49,871 DEBUG WebSocket Inverse Perp closed.
2022-06-22 15:34:49,871 DEBUG WebSocket Inverse Perp opened.
2022-06-22 15:34:50,877 INFO WebSocket Inverse Perp attempting connection...
2022-06-22 15:34:50,877 DEBUG WebSocket Inverse Perp closed.
2022-06-22 15:34:50,877 DEBUG WebSocket Inverse Perp opened.
2022-06-22 15:34:51,881 INFO WebSocket Inverse Perp attempting connection...
2022-06-22 15:34:51,882 DEBUG WebSocket Inverse Perp closed.
2022-06-22 15:34:51,882 DEBUG WebSocket Inverse Perp opened.
2022-06-22 15:34:52,887 INFO WebSocket Inverse Perp attempting connection...
2022-06-22 15:34:52,887 DEBUG WebSocket Inverse Perp closed.
2022-06-22 15:34:52,888 DEBUG WebSocket Inverse Perp opened.
2022-06-22 15:34:53,892 INFO WebSocket Inverse Perp attempting connection...
2022-06-22 15:34:53,892 DEBUG WebSocket Inverse Perp closed.
2022-06-22 15:34:53,892 DEBUG WebSocket Inverse Perp opened.
2022-06-22 15:34:54,898 INFO WebSocket Inverse Perp attempting connection...
2022-06-22 15:34:54,898 DEBUG WebSocket Inverse Perp closed.
2022-06-22 15:34:54,898 DEBUG WebSocket Inverse Perp opened.
2022-06-22 15:34:55,904 INFO WebSocket Inverse Perp attempting connection...
2022-06-22 15:34:55,904 DEBUG WebSocket Inverse Perp closed.
2022-06-22 15:34:55,904 DEBUG WebSocket Inverse Perp opened.
2022-06-22 15:34:56,910 INFO WebSocket Inverse Perp attempting connection...
2022-06-22 15:34:56,910 DEBUG WebSocket Inverse Perp closed.
2022-06-22 15:34:56,910 DEBUG WebSocket Inverse Perp opened.
2022-06-22 15:34:57,915 INFO WebSocket Inverse Perp attempting connection...
2022-06-22 15:34:57,916 DEBUG WebSocket Inverse Perp closed.
2022-06-22 15:34:57,916 DEBUG WebSocket Inverse Perp opened.
2022-06-22 15:34:58,919 INFO WebSocket Inverse Perp attempting connection...
2022-06-22 15:34:58,919 DEBUG WebSocket Inverse Perp closed.
2022-06-22 15:34:58,920 DEBUG WebSocket Inverse Perp opened.
2022-06-22 15:34:59,925 INFO WebSocket Inverse Perp attempting connection...
2022-06-22 15:34:59,925 DEBUG WebSocket Inverse Perp closed.
2022-06-22 15:34:59,926 DEBUG WebSocket Inverse Perp opened.
2022-06-22 15:35:00,931 INFO WebSocket Inverse Perp attempting connection...
2022-06-22 15:35:00,932 DEBUG WebSocket Inverse Perp closed.
2022-06-22 15:35:00,932 DEBUG WebSocket Inverse Perp opened.
2022-06-22 15:35:01,937 INFO WebSocket Inverse Perp attempting connection...
2022-06-22 15:35:01,937 DEBUG WebSocket Inverse Perp closed.
2022-06-22 15:35:01,938 DEBUG WebSocket Inverse Perp opened.
2022-06-22 15:35:02,943 INFO WebSocket Inverse Perp attempting connection...
2022-06-22 15:35:02,943 DEBUG WebSocket Inverse Perp closed.
2022-06-22 15:35:02,943 DEBUG WebSocket Inverse Perp opened.
2022-06-22 15:35:03,948 INFO WebSocket Inverse Perp attempting connection...
2022-06-22 15:35:03,948 DEBUG WebSocket Inverse Perp closed.
2022-06-22 15:35:03,948 DEBUG WebSocket Inverse Perp opened.
2022-06-22 15:35:04,954 INFO WebSocket Inverse Perp attempting connection...
2022-06-22 15:35:04,955 DEBUG WebSocket Inverse Perp closed.
2022-06-22 15:35:04,955 DEBUG WebSocket Inverse Perp opened.
2022-06-22 15:35:05,961 INFO WebSocket Inverse Perp attempting connection...
2022-06-22 15:35:05,961 DEBUG WebSocket Inverse Perp closed.
2022-06-22 15:35:05,961 DEBUG WebSocket Inverse Perp opened.
2022-06-22 15:35:06,966 INFO WebSocket Inverse Perp attempting connection...
2022-06-22 15:35:06,966 DEBUG WebSocket Inverse Perp closed.
2022-06-22 15:35:06,966 DEBUG WebSocket Inverse Perp opened.
2022-06-22 15:35:07,973 INFO WebSocket Inverse Perp attempting connection...
2022-06-22 15:35:07,973 DEBUG WebSocket Inverse Perp closed.
2022-06-22 15:35:07,973 DEBUG WebSocket Inverse Perp opened.
2022-06-22 15:35:08,978 INFO WebSocket Inverse Perp attempting connection...
2022-06-22 15:35:08,978 DEBUG WebSocket Inverse Perp closed.
2022-06-22 15:35:08,978 DEBUG WebSocket Inverse Perp opened.
2022-06-22 15:35:09,984 INFO WebSocket Inverse Perp attempting connection...
2022-06-22 15:35:09,984 DEBUG WebSocket Inverse Perp closed.
2022-06-22 15:35:09,985 DEBUG WebSocket Inverse Perp opened.
2022-06-22 15:35:10,990 INFO WebSocket Inverse Perp attempting connection...
2022-06-22 15:35:10,991 DEBUG WebSocket Inverse Perp closed.
2022-06-22 15:35:10,991 DEBUG WebSocket Inverse Perp opened.
2022-06-22 15:35:11,996 INFO WebSocket Inverse Perp attempting connection...
2022-06-22 15:35:11,996 DEBUG WebSocket Inverse Perp closed.
2022-06-22 15:35:11,996 DEBUG WebSocket Inverse Perp opened.
2022-06-22 15:35:13,002 INFO WebSocket Inverse Perp attempting connection...
2022-06-22 15:35:13,002 DEBUG WebSocket Inverse Perp closed.
2022-06-22 15:35:13,003 DEBUG WebSocket Inverse Perp opened.
2022-06-22 15:35:14,009 INFO WebSocket Inverse Perp attempting connection...
2022-06-22 15:35:14,009 DEBUG WebSocket Inverse Perp closed.
2022-06-22 15:35:14,009 DEBUG WebSocket Inverse Perp opened.
2022-06-22 15:35:15,015 INFO WebSocket Inverse Perp attempting connection...
2022-06-22 15:35:15,015 DEBUG WebSocket Inverse Perp closed.
2022-06-22 15:35:15,016 DEBUG WebSocket Inverse Perp opened.
2022-06-22 15:35:16,023 INFO WebSocket Inverse Perp attempting connection...
2022-06-22 15:35:16,024 DEBUG WebSocket Inverse Perp closed.
2022-06-22 15:35:16,024 DEBUG WebSocket Inverse Perp opened.
2022-06-22 15:35:17,029 INFO WebSocket Inverse Perp attempting connection...
2022-06-22 15:35:17,030 DEBUG WebSocket Inverse Perp closed.
2022-06-22 15:35:17,030 DEBUG WebSocket Inverse Perp opened.
2022-06-22 15:35:18,036 INFO WebSocket Inverse Perp attempting connection...
2022-06-22 15:35:18,037 DEBUG WebSocket Inverse Perp closed.
2022-06-22 15:35:18,037 DEBUG WebSocket Inverse Perp opened.
2022-06-22 15:35:19,039 INFO WebSocket Inverse Perp attempting connection...
2022-06-22 15:35:19,039 DEBUG WebSocket Inverse Perp closed.
2022-06-22 15:35:19,040 DEBUG WebSocket Inverse Perp opened.
2022-06-22 15:35:20,045 INFO WebSocket Inverse Perp attempting connection...
2022-06-22 15:35:20,045 DEBUG WebSocket Inverse Perp closed.
2022-06-22 15:35:20,045 DEBUG WebSocket Inverse Perp opened.
2022-06-22 15:35:21,050 INFO WebSocket Inverse Perp attempting connection...
2022-06-22 15:35:21,051 DEBUG WebSocket Inverse Perp closed.
2022-06-22 15:35:21,051 DEBUG WebSocket Inverse Perp opened.
2022-06-22 15:35:22,057 INFO WebSocket Inverse Perp attempting connection...
2022-06-22 15:35:22,057 DEBUG WebSocket Inverse Perp closed.
2022-06-22 15:35:22,057 DEBUG WebSocket Inverse Perp opened.
2022-06-22 15:35:23,061 INFO WebSocket Inverse Perp attempting connection...
2022-06-22 15:35:23,061 DEBUG WebSocket Inverse Perp closed.
2022-06-22 15:35:23,061 DEBUG WebSocket Inverse Perp opened.
2022-06-22 15:35:24,064 INFO WebSocket Inverse Perp attempting connection...
2022-06-22 15:35:24,065 DEBUG WebSocket Inverse Perp closed.
2022-06-22 15:35:24,065 DEBUG WebSocket Inverse Perp opened.
2022-06-22 15:35:25,070 INFO WebSocket Inverse Perp attempting connection...
2022-06-22 15:35:25,071 DEBUG WebSocket Inverse Perp closed.
2022-06-22 15:35:25,071 DEBUG WebSocket Inverse Perp opened.
2022-06-22 15:35:26,074 INFO WebSocket Inverse Perp attempting connection...
2022-06-22 15:35:26,074 DEBUG WebSocket Inverse Perp closed.
2022-06-22 15:35:26,075 DEBUG WebSocket Inverse Perp opened.
2022-06-22 15:35:27,078 INFO WebSocket Inverse Perp attempting connection...
2022-06-22 15:35:27,078 DEBUG WebSocket Inverse Perp closed.
2022-06-22 15:35:27,079 DEBUG WebSocket Inverse Perp opened.
2022-06-22 15:35:28,580 DEBUG Subscription to ['trade.BTCUSD'] successful.
2022-06-22 15:35:56,957 INFO WebSocket Inverse Perp attempting connection...
2022-06-22 15:35:56,957 DEBUG WebSocket Inverse Perp closed.
2022-06-22 15:35:56,958 DEBUG WebSocket Inverse Perp opened.
2022-06-22 15:35:57,962 INFO WebSocket Inverse Perp connected
2022-06-22 15:35:58,219 DEBUG Subscription to ['trade.BTCUSD'] successful.
2022-06-22 15:36:52,224 ERROR WebSocket Inverse Perp encountered error: ping/pong timed out.
2022-06-22 15:36:55,225 INFO WebSocket Inverse Perp attempting connection...
2022-06-22 15:36:55,226 DEBUG WebSocket Inverse Perp closed.
2022-06-22 15:36:55,226 DEBUG WebSocket Inverse Perp opened.
2022-06-22 15:36:55,229 ERROR WebSocket Inverse Perp encountered error: [Errno 8] nodename nor servname provided, or not known.
2022-06-22 15:36:56,231 INFO WebSocket Inverse Perp attempting connection...
2022-06-22 15:36:56,231 DEBUG WebSocket Inverse Perp closed.
2022-06-22 15:36:56,231 DEBUG WebSocket Inverse Perp opened.
2022-06-22 15:36:57,235 INFO WebSocket Inverse Perp attempting connection...
2022-06-22 15:36:57,236 DEBUG WebSocket Inverse Perp closed.
2022-06-22 15:36:57,236 DEBUG WebSocket Inverse Perp opened.
2022-06-22 15:36:58,240 INFO WebSocket Inverse Perp attempting connection...
2022-06-22 15:36:58,240 DEBUG WebSocket Inverse Perp closed.
2022-06-22 15:36:58,240 DEBUG WebSocket Inverse Perp opened.
2022-06-22 15:36:59,246 INFO WebSocket Inverse Perp attempting connection...
2022-06-22 15:36:59,246 DEBUG WebSocket Inverse Perp closed.
2022-06-22 15:36:59,246 DEBUG WebSocket Inverse Perp opened.
2022-06-22 15:37:00,250 INFO WebSocket Inverse Perp attempting connection...
2022-06-22 15:37:00,250 DEBUG WebSocket Inverse Perp closed.
2022-06-22 15:37:00,250 DEBUG WebSocket Inverse Perp opened.
2022-06-22 15:37:01,255 INFO WebSocket Inverse Perp connected
2022-06-22 15:37:01,628 DEBUG Subscription to ['trade.BTCUSD'] successful.
2022-06-22 15:57:41,607 INFO WebSocket Inverse Perp attempting connection...
2022-06-22 15:57:41,607 DEBUG WebSocket Inverse Perp closed.
2022-06-22 15:57:41,607 DEBUG WebSocket Inverse Perp opened.
2022-06-22 15:57:42,612 INFO WebSocket Inverse Perp connected
2022-06-22 15:57:42,882 DEBUG Subscription to ['trade.BTCUSD'] successful.
2022-06-22 15:58:01,722 ERROR WebSocket Inverse Perp encountered error: ping/pong timed out.
2022-06-22 15:58:04,725 INFO WebSocket Inverse Perp attempting connection...
2022-06-22 15:58:04,725 DEBUG WebSocket Inverse Perp closed.
2022-06-22 15:58:04,725 DEBUG WebSocket Inverse Perp opened.
2022-06-22 15:58:04,737 ERROR WebSocket Inverse Perp encountered error: [Errno 8] nodename nor servname provided, or not known.
2022-06-22 15:58:05,731 INFO WebSocket Inverse Perp attempting connection...
2022-06-22 15:58:05,731 DEBUG WebSocket Inverse Perp closed.
2022-06-22 15:58:05,731 DEBUG WebSocket Inverse Perp opened.
2022-06-22 15:58:06,737 INFO WebSocket Inverse Perp attempting connection...
2022-06-22 15:58:06,738 DEBUG WebSocket Inverse Perp closed.
2022-06-22 15:58:06,738 DEBUG WebSocket Inverse Perp opened.
2022-06-22 15:58:07,744 INFO WebSocket Inverse Perp attempting connection...
2022-06-22 15:58:07,744 DEBUG WebSocket Inverse Perp closed.
2022-06-22 15:58:07,744 DEBUG WebSocket Inverse Perp opened.
2022-06-22 15:58:08,749 INFO WebSocket Inverse Perp attempting connection...
2022-06-22 15:58:08,749 DEBUG WebSocket Inverse Perp closed.
2022-06-22 15:58:08,750 DEBUG WebSocket Inverse Perp opened.
2022-06-22 15:58:09,755 INFO WebSocket Inverse Perp attempting connection...
2022-06-22 15:58:09,755 DEBUG WebSocket Inverse Perp closed.
2022-06-22 15:58:09,755 DEBUG WebSocket Inverse Perp opened.
2022-06-22 15:58:10,761 INFO WebSocket Inverse Perp attempting connection...
2022-06-22 15:58:10,761 DEBUG WebSocket Inverse Perp closed.
2022-06-22 15:58:10,762 DEBUG WebSocket Inverse Perp opened.
2022-06-22 15:58:11,768 INFO WebSocket Inverse Perp attempting connection...
2022-06-22 15:58:11,768 DEBUG WebSocket Inverse Perp closed.
2022-06-22 15:58:11,768 DEBUG WebSocket Inverse Perp opened.
2022-06-22 15:58:12,771 INFO WebSocket Inverse Perp attempting connection...
2022-06-22 15:58:12,771 DEBUG WebSocket Inverse Perp closed.
2022-06-22 15:58:12,771 DEBUG WebSocket Inverse Perp opened.
2022-06-22 15:58:13,776 INFO WebSocket Inverse Perp attempting connection...
2022-06-22 15:58:13,776 DEBUG WebSocket Inverse Perp closed.
2022-06-22 15:58:13,776 DEBUG WebSocket Inverse Perp opened.
2022-06-22 15:58:14,781 ERROR error from callback <function _WebSocketManager._connect.<locals>.<lambda> at 0x10ca46ee0>: WebSocket Inverse Perp connection failed.
